Started GET "/categories" for 127.0.0.1 at 2017-10-01 12:02:36 -0700
  [1m[35m (0.8ms)[0m  [1m[34mSELECT "schema_migrations"."version" FROM "schema_migrations" ORDER BY "schema_migrations"."version" ASC[0m
Processing by CategoriesController#index as HTML
  Rendering categories/index.html.erb within layouts/application
  [1m[36mCategory Load (22.1ms)[0m  [1m[34mSELECT "categories".* FROM "categories"[0m
  Rendered categories/index.html.erb within layouts/application (43.5ms)
Completed 200 OK in 155ms (Views: 29.5ms | ActiveRecord: 31.7ms)


Started GET "/categories/1" for 127.0.0.1 at 2017-10-01 12:03:34 -0700
Processing by CategoriesController#show as HTML
  Parameters: {"id"=>"1"}
  [1m[36mCategory Load (95.3ms)[0m  [1m[34mSELECT  "categories".* FROM "categories" WHERE "categories"."id" = $1 LIMIT $2[0m  [["id", 1], ["LIMIT", 1]]
  [1m[36mItem Load (2.3ms)[0m  [1m[34mSELECT "items".* FROM "items" WHERE "items"."category_id" = $1[0m  [["category_id", 1]]
Completed 200 OK in 171ms (Views: 0.8ms | ActiveRecord: 101.8ms)


Started GET "/categories" for 127.0.0.1 at 2017-10-01 12:10:02 -0700
  [1m[35m (0.9ms)[0m  [1m[34mSELECT "schema_migrations"."version" FROM "schema_migrations" ORDER BY "schema_migrations"."version" ASC[0m
Processing by CategoriesController#index as HTML
  Rendering categories/index.html.erb within layouts/application
  [1m[36mCategory Load (0.8ms)[0m  [1m[34mSELECT "categories".* FROM "categories"[0m
  Rendered categories/index.html.erb within layouts/application (16.9ms)
Completed 200 OK in 52ms (Views: 29.3ms | ActiveRecord: 5.2ms)


Started GET "/categories/1" for 127.0.0.1 at 2017-10-01 12:10:04 -0700
Processing by CategoriesController#show as HTML
  Parameters: {"id"=>"1"}
  [1m[36mCategory Load (0.4ms)[0m  [1m[34mSELECT  "categories".* FROM "categories" WHERE "categories"."id" = $1 LIMIT $2[0m  [["id", 1], ["LIMIT", 1]]
  [1m[36mItem Load (0.7ms)[0m  [1m[34mSELECT "items".* FROM "items" WHERE "items"."category_id" = $1[0m  [["category_id", 1]]
Completed 200 OK in 70ms (Views: 0.2ms | ActiveRecord: 5.2ms)


Started GET "/categories/4" for 127.0.0.1 at 2017-10-01 12:10:08 -0700
Processing by CategoriesController#show as HTML
  Parameters: {"id"=>"4"}
  [1m[36mCategory Load (0.4ms)[0m  [1m[34mSELECT  "categories".* FROM "categories" WHERE "categories"."id" = $1 LIMIT $2[0m  [["id", 4], ["LIMIT", 1]]
  [1m[36mItem Load (0.5ms)[0m  [1m[34mSELECT "items".* FROM "items" WHERE "items"."category_id" = $1[0m  [["category_id", 4]]
Completed 200 OK in 5ms (Views: 0.2ms | ActiveRecord: 0.9ms)


